<?xml version="1.0" encoding="UTF-8"?>
<!-- Generated by org.testng.reporters.JUnitReportReporter -->
<testsuite hostname="DESKTOP-THDO67T" failures="0" tests="7" name="testPackage.TestClassB" time="27.578" errors="0" timestamp="2022-05-15T17:37:39 IST" skipped="0">
  <testcase classname="testPackage.TestClassB" name="verifyLogInPage" time="8.034"/>
  <system-out/>
  <testcase classname="testPackage.TestClassB" name="verifyAssignLeave" time="4.332"/>
  <system-out/>
  <testcase classname="testPackage.TestClassB" name="verifyLeaveList" time="5.077"/>
  <system-out/>
  <testcase classname="testPackage.TestClassB" name="verifyTimesheet" time="2.678"/>
  <system-out/>
  <testcase classname="testPackage.TestClassB" name="verifyApplyLeave" time="1.953"/>
  <system-out/>
  <testcase classname="testPackage.TestClassB" name="verifyMyLeave" time="2.524"/>
  <system-out/>
  <testcase classname="testPackage.TestClassB" name="verifyMyTimesheet" time="2.980"/>
  <system-out/>
</testsuite> <!-- testPackage.TestClassB -->
