<?xml version="1.0" encoding="UTF-8"?>
<!-- Generated by org.testng.reporters.JUnitReportReporter -->
<testsuite hostname="DESKTOP-THDO67T" failures="0" tests="2" name="testPackage.TestClassA" time="8.199" errors="0" timestamp="2022-05-20T15:52:56 IST" skipped="0">
  <testcase classname="testPackage.TestClassA" name="verifyLoginPage" time="7.556"/>
  <system-out/>
  <testcase classname="testPackage.TestClassA" name="verifyHomePage" time="0.643"/>
  <system-out/>
</testsuite> <!-- testPackage.TestClassA -->
